<?xml version="1.0" encoding="UTF-8"?>
<testsuite xmlns:xsi="http://www.w3.org/2001/XMLSchema-instance" xsi:noNamespaceSchemaLocation="https://maven.apache.org/surefire/maven-surefire-plugin/xsd/surefire-test-report.xsd" version="3.0.2" name="au.nsw.servicefinder.service.SearchServiceImplTest" time="0.11" tests="5" errors="0" skipped="0" failures="0">
  <properties>
[...]
</properties>
  <testcase name="filtersCategoriesCaseInsensitively" classname="au.nsw.servicefinder.service.SearchServiceImplTest" time="0.046"/>
  <testcase name="returnsEmptyPageWhenPageIsBeyondResults" classname="au.nsw.servicefinder.service.SearchServiceImplTest" time="0.002"/>
  <testcase name="rejectsInvalidPagination" classname="au.nsw.servicefinder.service.SearchServiceImplTest" time="0.006"/>
  <testcase name="paginatesWithAtMostTenResults" classname="au.nsw.servicefinder.service.SearchServiceImplTest" time="0.002"/>
  <testcase name="searchesTitleAndDescriptionCaseInsensitively" classname="au.nsw.servicefinder.service.SearchServiceImplTest" time="0.003"/>
</testsuite>